{"/home/lblasi/Documents/zuuka-framework/src/zuuka.js":{"path":"/home/lblasi/Documents/zuuka-framework/src/zuuka.js","s":{"1":2,"2":2,"3":2,"4":2,"5":2,"6":274,"7":1,"8":274,"9":183,"10":183,"11":183,"12":91,"13":2,"14":2,"15":53,"16":34,"17":34,"18":34,"19":2,"20":40,"21":2,"22":2,"23":2,"24":2,"25":2,"26":2,"27":25,"28":1,"29":2,"30":110,"31":144,"32":25,"33":25,"34":2,"35":110,"36":110},"b":{"1":[1,273],"2":[183,91],"3":[274,265,260],"4":[1,24],"5":[25,119],"6":[144,63]},"f":{"1":274,"2":53,"3":34,"4":40,"5":25,"6":110,"7":110},"fnMap":{"1":{"name":"(anonymous_1)","line":38,"loc":{"start":{"line":38,"column":17},"end":{"line":38,"column":42}}},"2":{"name":"(anonymous_2)","line":76,"loc":{"start":{"line":76,"column":18},"end":{"line":76,"column":41}}},"3":{"name":"(anonymous_3)","line":77,"loc":{"start":{"line":77,"column":36},"end":{"line":77,"column":60}}},"4":{"name":"(anonymous_4)","line":97,"loc":{"start":{"line":97,"column":15},"end":{"line":97,"column":26}}},"5":{"name":"(anonymous_5)","line":146,"loc":{"start":{"line":146,"column":15},"end":{"line":146,"column":34}}},"6":{"name":"(anonymous_6)","line":152,"loc":{"start":{"line":152,"column":38},"end":{"line":152,"column":50}}},"7":{"name":"(anonymous_7)","line":161,"loc":{"start":{"line":161,"column":10},"end":{"line":161,"column":21}}}},"statementMap":{"1":{"start":{"line":8,"column":0},"end":{"line":13,"column":25}},"2":{"start":{"line":15,"column":0},"end":{"line":15,"column":34}},"3":{"start":{"line":16,"column":0},"end":{"line":16,"column":41}},"4":{"start":{"line":18,"column":0},"end":{"line":18,"column":25}},"5":{"start":{"line":38,"column":0},"end":{"line":49,"column":2}},"6":{"start":{"line":39,"column":4},"end":{"line":41,"column":5}},"7":{"start":{"line":40,"column":8},"end":{"line":40,"column":29}},"8":{"start":{"line":42,"column":4},"end":{"line":48,"column":5}},"9":{"start":{"line":43,"column":8},"end":{"line":43,"column":66}},"10":{"start":{"line":44,"column":8},"end":{"line":44,"column":35}},"11":{"start":{"line":45,"column":8},"end":{"line":45,"column":20}},"12":{"start":{"line":47,"column":8},"end":{"line":47,"column":51}},"13":{"start":{"line":59,"column":0},"end":{"line":59,"column":20}},"14":{"start":{"line":76,"column":0},"end":{"line":82,"column":2}},"15":{"start":{"line":77,"column":4},"end":{"line":81,"column":7}},"16":{"start":{"line":78,"column":8},"end":{"line":78,"column":33}},"17":{"start":{"line":79,"column":8},"end":{"line":79,"column":66}},"18":{"start":{"line":80,"column":8},"end":{"line":80,"column":32}},"19":{"start":{"line":97,"column":0},"end":{"line":99,"column":2}},"20":{"start":{"line":98,"column":4},"end":{"line":98,"column":44}},"21":{"start":{"line":107,"column":0},"end":{"line":107,"column":33}},"22":{"start":{"line":115,"column":0},"end":{"line":115,"column":34}},"23":{"start":{"line":123,"column":0},"end":{"line":123,"column":34}},"24":{"start":{"line":131,"column":0},"end":{"line":131,"column":40}},"25":{"start":{"line":144,"column":0},"end":{"line":144,"column":40}},"26":{"start":{"line":146,"column":0},"end":{"line":150,"column":2}},"27":{"start":{"line":147,"column":4},"end":{"line":149,"column":5}},"28":{"start":{"line":148,"column":8},"end":{"line":148,"column":44}},"29":{"start":{"line":152,"column":0},"end":{"line":159,"column":2}},"30":{"start":{"line":153,"column":4},"end":{"line":158,"column":5}},"31":{"start":{"line":154,"column":8},"end":{"line":157,"column":9}},"32":{"start":{"line":155,"column":12},"end":{"line":155,"column":161}},"33":{"start":{"line":156,"column":12},"end":{"line":156,"column":18}},"34":{"start":{"line":161,"column":0},"end":{"line":164,"column":3}},"35":{"start":{"line":162,"column":4},"end":{"line":162,"column":47}},"36":{"start":{"line":163,"column":4},"end":{"line":163,"column":25}}},"branchMap":{"1":{"line":39,"type":"if","locations":[{"start":{"line":39,"column":4},"end":{"line":39,"column":4}},{"start":{"line":39,"column":4},"end":{"line":39,"column":4}}]},"2":{"line":42,"type":"if","locations":[{"start":{"line":42,"column":4},"end":{"line":42,"column":4}},{"start":{"line":42,"column":4},"end":{"line":42,"column":4}}]},"3":{"line":42,"type":"binary-expr","locations":[{"start":{"line":42,"column":8},"end":{"line":42,"column":27}},{"start":{"line":42,"column":31},"end":{"line":42,"column":45}},{"start":{"line":42,"column":49},"end":{"line":42,"column":73}}]},"4":{"line":147,"type":"if","locations":[{"start":{"line":147,"column":4},"end":{"line":147,"column":4}},{"start":{"line":147,"column":4},"end":{"line":147,"column":4}}]},"5":{"line":154,"type":"if","locations":[{"start":{"line":154,"column":8},"end":{"line":154,"column":8}},{"start":{"line":154,"column":8},"end":{"line":154,"column":8}}]},"6":{"line":154,"type":"binary-expr","locations":[{"start":{"line":154,"column":11},"end":{"line":154,"column":56}},{"start":{"line":154,"column":60},"end":{"line":154,"column":103}}]}}},"/home/lblasi/Documents/zuuka-framework/src/methods.js":{"path":"/home/lblasi/Documents/zuuka-framework/src/methods.js","s":{"1":1,"2":1,"3":1,"4":1,"5":1,"6":1,"7":77,"8":77,"9":77,"10":2,"11":75,"12":66,"13":77,"14":77,"15":77,"16":77,"17":77,"18":77,"19":77,"20":77,"21":1,"22":53,"23":1,"24":1,"25":1,"26":1,"27":1,"28":22,"29":1,"30":10,"31":1,"32":3,"33":1,"34":3,"35":1,"36":6,"37":1,"38":3,"39":1,"40":4,"41":4,"42":1,"43":1},"b":{"1":[77,55],"2":[77,77],"3":[2,75],"4":[66,9],"5":[77,62]},"f":{"1":77,"2":77,"3":53,"4":1,"5":1,"6":22,"7":10,"8":3,"9":3,"10":6,"11":3,"12":4,"13":1},"fnMap":{"1":{"name":"(anonymous_1)","line":24,"loc":{"start":{"line":24,"column":18},"end":{"line":24,"column":49}}},"2":{"name":"(anonymous_2)","line":44,"loc":{"start":{"line":44,"column":20},"end":{"line":44,"column":53}}},"3":{"name":"(anonymous_3)","line":77,"loc":{"start":{"line":77,"column":14},"end":{"line":77,"column":36}}},"4":{"name":"(anonymous_4)","line":88,"loc":{"start":{"line":88,"column":15},"end":{"line":88,"column":37}}},"5":{"name":"(anonymous_5)","line":99,"loc":{"start":{"line":99,"column":18},"end":{"line":99,"column":40}}},"6":{"name":"(anonymous_6)","line":103,"loc":{"start":{"line":103,"column":21},"end":{"line":103,"column":45}}},"7":{"name":"(anonymous_7)","line":116,"loc":{"start":{"line":116,"column":15},"end":{"line":116,"column":44}}},"8":{"name":"(anonymous_8)","line":128,"loc":{"start":{"line":128,"column":16},"end":{"line":128,"column":45}}},"9":{"name":"(anonymous_9)","line":141,"loc":{"start":{"line":141,"column":14},"end":{"line":141,"column":43}}},"10":{"name":"(anonymous_10)","line":153,"loc":{"start":{"line":153,"column":17},"end":{"line":153,"column":45}}},"11":{"name":"(anonymous_11)","line":166,"loc":{"start":{"line":166,"column":14},"end":{"line":166,"column":42}}},"12":{"name":"(anonymous_12)","line":175,"loc":{"start":{"line":175,"column":29},"end":{"line":175,"column":48}}},"13":{"name":"(anonymous_13)","line":184,"loc":{"start":{"line":184,"column":31},"end":{"line":184,"column":43}}}},"statementMap":{"1":{"start":{"line":1,"column":0},"end":{"line":3,"column":21}},"2":{"start":{"line":5,"column":0},"end":{"line":5,"column":34}},"3":{"start":{"line":7,"column":0},"end":{"line":7,"column":24}},"4":{"start":{"line":8,"column":0},"end":{"line":8,"column":16}},"5":{"start":{"line":9,"column":0},"end":{"line":9,"column":37}},"6":{"start":{"line":24,"column":0},"end":{"line":68,"column":2}},"7":{"start":{"line":25,"column":4},"end":{"line":29,"column":22}},"8":{"start":{"line":33,"column":4},"end":{"line":33,"column":45}},"9":{"start":{"line":34,"column":4},"end":{"line":39,"column":5}},"10":{"start":{"line":35,"column":8},"end":{"line":35,"column":39}},"11":{"start":{"line":36,"column":11},"end":{"line":39,"column":5}},"12":{"start":{"line":38,"column":8},"end":{"line":38,"column":36}},"13":{"start":{"line":41,"column":4},"end":{"line":41,"column":29}},"14":{"start":{"line":42,"column":4},"end":{"line":42,"column":48}},"15":{"start":{"line":43,"column":4},"end":{"line":43,"column":33}},"16":{"start":{"line":44,"column":4},"end":{"line":66,"column":7}},"17":{"start":{"line":45,"column":8},"end":{"line":45,"column":48}},"18":{"start":{"line":46,"column":8},"end":{"line":46,"column":87}},"19":{"start":{"line":58,"column":8},"end":{"line":65,"column":11}},"20":{"start":{"line":67,"column":4},"end":{"line":67,"column":28}},"21":{"start":{"line":77,"column":0},"end":{"line":79,"column":2}},"22":{"start":{"line":78,"column":4},"end":{"line":78,"column":47}},"23":{"start":{"line":88,"column":0},"end":{"line":90,"column":2}},"24":{"start":{"line":89,"column":4},"end":{"line":89,"column":48}},"25":{"start":{"line":99,"column":0},"end":{"line":101,"column":2}},"26":{"start":{"line":100,"column":4},"end":{"line":100,"column":51}},"27":{"start":{"line":103,"column":0},"end":{"line":105,"column":2}},"28":{"start":{"line":104,"column":4},"end":{"line":104,"column":40}},"29":{"start":{"line":116,"column":0},"end":{"line":118,"column":2}},"30":{"start":{"line":117,"column":4},"end":{"line":117,"column":70}},"31":{"start":{"line":128,"column":0},"end":{"line":130,"column":2}},"32":{"start":{"line":129,"column":4},"end":{"line":129,"column":71}},"33":{"start":{"line":141,"column":0},"end":{"line":143,"column":2}},"34":{"start":{"line":142,"column":4},"end":{"line":142,"column":69}},"35":{"start":{"line":153,"column":0},"end":{"line":155,"column":2}},"36":{"start":{"line":154,"column":4},"end":{"line":154,"column":72}},"37":{"start":{"line":166,"column":0},"end":{"line":168,"column":2}},"38":{"start":{"line":167,"column":4},"end":{"line":167,"column":45}},"39":{"start":{"line":175,"column":0},"end":{"line":178,"column":2}},"40":{"start":{"line":176,"column":4},"end":{"line":176,"column":31}},"41":{"start":{"line":177,"column":4},"end":{"line":177,"column":53}},"42":{"start":{"line":184,"column":0},"end":{"line":186,"column":2}},"43":{"start":{"line":185,"column":2},"end":{"line":185,"column":34}}},"branchMap":{"1":{"line":29,"type":"binary-expr","locations":[{"start":{"line":29,"column":7},"end":{"line":29,"column":13}},{"start":{"line":29,"column":17},"end":{"line":29,"column":19}}]},"2":{"line":33,"type":"binary-expr","locations":[{"start":{"line":33,"column":18},"end":{"line":33,"column":29}},{"start":{"line":33,"column":33},"end":{"line":33,"column":44}}]},"3":{"line":34,"type":"if","locations":[{"start":{"line":34,"column":4},"end":{"line":34,"column":4}},{"start":{"line":34,"column":4},"end":{"line":34,"column":4}}]},"4":{"line":36,"type":"if","locations":[{"start":{"line":36,"column":11},"end":{"line":36,"column":11}},{"start":{"line":36,"column":11},"end":{"line":36,"column":11}}]},"5":{"line":42,"type":"binary-expr","locations":[{"start":{"line":42,"column":17},"end":{"line":42,"column":36}},{"start":{"line":42,"column":40},"end":{"line":42,"column":47}}]}}},"/home/lblasi/Documents/zuuka-framework/src/plugins.js":{"path":"/home/lblasi/Documents/zuuka-framework/src/plugins.js","s":{"1":1,"2":1,"3":1,"4":1,"5":5,"6":651,"7":651,"8":1,"9":5,"10":4,"11":4,"12":5,"13":5,"14":5,"15":1,"16":5,"17":5,"18":2,"19":5,"20":9,"21":5,"22":50,"23":5,"24":5,"25":1,"26":3,"27":3,"28":1,"29":1,"30":1,"31":2,"32":1,"33":1,"34":1,"35":3,"36":3,"37":3},"b":{"1":[4,1]},"f":{"1":5,"2":651,"3":5,"4":5,"5":50,"6":3,"7":1,"8":1,"9":2,"10":1,"11":1,"12":3},"fnMap":{"1":{"name":"(anonymous_1)","line":10,"loc":{"start":{"line":10,"column":24},"end":{"line":10,"column":36}}},"2":{"name":"(anonymous_2)","line":11,"loc":{"start":{"line":11,"column":41},"end":{"line":11,"column":71}}},"3":{"name":"(anonymous_3)","line":17,"loc":{"start":{"line":17,"column":15},"end":{"line":17,"column":27}}},"4":{"name":"(anonymous_4)","line":46,"loc":{"start":{"line":46,"column":21},"end":{"line":46,"column":49}}},"5":{"name":"(anonymous_5)","line":54,"loc":{"start":{"line":54,"column":22},"end":{"line":54,"column":41}}},"6":{"name":"(anonymous_6)","line":78,"loc":{"start":{"line":78,"column":23},"end":{"line":78,"column":47}}},"7":{"name":"(anonymous_7)","line":98,"loc":{"start":{"line":98,"column":22},"end":{"line":98,"column":48}}},"8":{"name":"(anonymous_8)","line":99,"loc":{"start":{"line":99,"column":31},"end":{"line":99,"column":54}}},"9":{"name":"(anonymous_9)","line":100,"loc":{"start":{"line":100,"column":58},"end":{"line":100,"column":70}}},"10":{"name":"(anonymous_10)","line":119,"loc":{"start":{"line":119,"column":20},"end":{"line":119,"column":46}}},"11":{"name":"(anonymous_11)","line":120,"loc":{"start":{"line":120,"column":31},"end":{"line":120,"column":54}}},"12":{"name":"(anonymous_12)","line":121,"loc":{"start":{"line":121,"column":56},"end":{"line":121,"column":68}}}},"statementMap":{"1":{"start":{"line":2,"column":1},"end":{"line":5,"column":17}},"2":{"start":{"line":7,"column":0},"end":{"line":7,"column":34}},"3":{"start":{"line":8,"column":0},"end":{"line":8,"column":20}},"4":{"start":{"line":10,"column":0},"end":{"line":15,"column":2}},"5":{"start":{"line":11,"column":4},"end":{"line":14,"column":6}},"6":{"start":{"line":12,"column":8},"end":{"line":12,"column":52}},"7":{"start":{"line":13,"column":8},"end":{"line":13,"column":66}},"8":{"start":{"line":17,"column":0},"end":{"line":26,"column":2}},"9":{"start":{"line":18,"column":4},"end":{"line":22,"column":5}},"10":{"start":{"line":20,"column":8},"end":{"line":20,"column":66}},"11":{"start":{"line":21,"column":8},"end":{"line":21,"column":54}},"12":{"start":{"line":23,"column":4},"end":{"line":23,"column":35}},"13":{"start":{"line":24,"column":4},"end":{"line":24,"column":49}},"14":{"start":{"line":25,"column":4},"end":{"line":25,"column":24}},"15":{"start":{"line":46,"column":0},"end":{"line":59,"column":2}},"16":{"start":{"line":47,"column":4},"end":{"line":47,"column":15}},"17":{"start":{"line":48,"column":4},"end":{"line":50,"column":5}},"18":{"start":{"line":49,"column":8},"end":{"line":49,"column":40}},"19":{"start":{"line":51,"column":4},"end":{"line":53,"column":5}},"20":{"start":{"line":52,"column":8},"end":{"line":52,"column":39}},"21":{"start":{"line":54,"column":4},"end":{"line":56,"column":7}},"22":{"start":{"line":55,"column":8},"end":{"line":55,"column":34}},"23":{"start":{"line":57,"column":4},"end":{"line":57,"column":33}},"24":{"start":{"line":58,"column":4},"end":{"line":58,"column":37}},"25":{"start":{"line":78,"column":0},"end":{"line":81,"column":2}},"26":{"start":{"line":79,"column":4},"end":{"line":79,"column":27}},"27":{"start":{"line":80,"column":4},"end":{"line":80,"column":25}},"28":{"start":{"line":98,"column":0},"end":{"line":104,"column":2}},"29":{"start":{"line":99,"column":4},"end":{"line":103,"column":7}},"30":{"start":{"line":100,"column":8},"end":{"line":102,"column":11}},"31":{"start":{"line":101,"column":12},"end":{"line":101,"column":43}},"32":{"start":{"line":119,"column":0},"end":{"line":127,"column":2}},"33":{"start":{"line":120,"column":4},"end":{"line":126,"column":7}},"34":{"start":{"line":121,"column":8},"end":{"line":125,"column":11}},"35":{"start":{"line":122,"column":12},"end":{"line":122,"column":61}},"36":{"start":{"line":123,"column":12},"end":{"line":123,"column":36}},"37":{"start":{"line":124,"column":12},"end":{"line":124,"column":39}}},"branchMap":{"1":{"line":18,"type":"if","locations":[{"start":{"line":18,"column":4},"end":{"line":18,"column":4}},{"start":{"line":18,"column":4},"end":{"line":18,"column":4}}]}}},"/home/lblasi/Documents/zuuka-framework/src/assertions/index.js":{"path":"/home/lblasi/Documents/zuuka-framework/src/assertions/index.js","s":{"1":1},"b":{},"f":{},"fnMap":{},"statementMap":{"1":{"start":{"line":7,"column":0},"end":{"line":18,"column":2}}},"branchMap":{}},"/home/lblasi/Documents/zuuka-framework/src/assertions/statuscode.js":{"path":"/home/lblasi/Documents/zuuka-framework/src/assertions/statuscode.js","s":{"1":1,"2":1,"3":27,"4":27},"b":{},"f":{"1":1,"2":27},"fnMap":{"1":{"name":"(anonymous_1)","line":12,"loc":{"start":{"line":12,"column":17},"end":{"line":12,"column":40}}},"2":{"name":"(anonymous_2)","line":14,"loc":{"start":{"line":14,"column":56},"end":{"line":14,"column":74}}}},"statementMap":{"1":{"start":{"line":12,"column":0},"end":{"line":22,"column":2}},"2":{"start":{"line":14,"column":4},"end":{"line":21,"column":7}},"3":{"start":{"line":15,"column":8},"end":{"line":15,"column":55}},"4":{"start":{"line":16,"column":8},"end":{"line":20,"column":10}}},"branchMap":{}},"/home/lblasi/Documents/zuuka-framework/src/assertions/header.js":{"path":"/home/lblasi/Documents/zuuka-framework/src/assertions/header.js","s":{"1":1,"2":1,"3":42,"4":42,"5":10,"6":32,"7":10,"8":22,"9":3,"10":19},"b":{"1":[10,32],"2":[10,9],"3":[10,22],"4":[3,19]},"f":{"1":1,"2":42},"fnMap":{"1":{"name":"(anonymous_1)","line":19,"loc":{"start":{"line":19,"column":17},"end":{"line":19,"column":40}}},"2":{"name":"(anonymous_2)","line":21,"loc":{"start":{"line":21,"column":56},"end":{"line":21,"column":81}}}},"statementMap":{"1":{"start":{"line":19,"column":0},"end":{"line":47,"column":2}},"2":{"start":{"line":21,"column":4},"end":{"line":46,"column":7}},"3":{"start":{"line":23,"column":8},"end":{"line":23,"column":72}},"4":{"start":{"line":25,"column":8},"end":{"line":45,"column":9}},"5":{"start":{"line":26,"column":12},"end":{"line":30,"column":14}},"6":{"start":{"line":31,"column":15},"end":{"line":45,"column":9}},"7":{"start":{"line":32,"column":12},"end":{"line":36,"column":14}},"8":{"start":{"line":37,"column":15},"end":{"line":45,"column":9}},"9":{"start":{"line":38,"column":12},"end":{"line":38,"column":34}},"10":{"start":{"line":40,"column":12},"end":{"line":44,"column":14}}},"branchMap":{"1":{"line":25,"type":"if","locations":[{"start":{"line":25,"column":8},"end":{"line":25,"column":8}},{"start":{"line":25,"column":8},"end":{"line":25,"column":8}}]},"2":{"line":27,"type":"binary-expr","locations":[{"start":{"line":27,"column":16},"end":{"line":27,"column":41}},{"start":{"line":27,"column":45},"end":{"line":27,"column":65}}]},"3":{"line":31,"type":"if","locations":[{"start":{"line":31,"column":15},"end":{"line":31,"column":15}},{"start":{"line":31,"column":15},"end":{"line":31,"column":15}}]},"4":{"line":37,"type":"if","locations":[{"start":{"line":37,"column":15},"end":{"line":37,"column":15}},{"start":{"line":37,"column":15},"end":{"line":37,"column":15}}]}}},"/home/lblasi/Documents/zuuka-framework/src/assertions/cookie.js":{"path":"/home/lblasi/Documents/zuuka-framework/src/assertions/cookie.js","s":{"1":1,"2":1,"3":28,"4":28,"5":30,"6":24,"7":4,"8":1,"9":28,"10":28,"11":1,"12":28,"13":28,"14":3,"15":25,"16":10,"17":15},"b":{"1":[24,6],"2":[4,24],"3":[3,25],"4":[3,3],"5":[10,15]},"f":{"1":1,"2":28,"3":28,"4":28},"fnMap":{"1":{"name":"(anonymous_1)","line":15,"loc":{"start":{"line":15,"column":17},"end":{"line":15,"column":40}}},"2":{"name":"(anonymous_2)","line":17,"loc":{"start":{"line":17,"column":20},"end":{"line":17,"column":45}}},"3":{"name":"(anonymous_3)","line":27,"loc":{"start":{"line":27,"column":25},"end":{"line":27,"column":50}}},"4":{"name":"(anonymous_4)","line":32,"loc":{"start":{"line":32,"column":56},"end":{"line":32,"column":78}}}},"statementMap":{"1":{"start":{"line":15,"column":0},"end":{"line":54,"column":2}},"2":{"start":{"line":17,"column":4},"end":{"line":25,"column":6}},"3":{"start":{"line":18,"column":8},"end":{"line":18,"column":42}},"4":{"start":{"line":19,"column":8},"end":{"line":23,"column":9}},"5":{"start":{"line":20,"column":12},"end":{"line":22,"column":13}},"6":{"start":{"line":21,"column":16},"end":{"line":21,"column":35}},"7":{"start":{"line":24,"column":8},"end":{"line":24,"column":20}},"8":{"start":{"line":27,"column":4},"end":{"line":30,"column":6}},"9":{"start":{"line":28,"column":8},"end":{"line":28,"column":46}},"10":{"start":{"line":29,"column":8},"end":{"line":29,"column":55}},"11":{"start":{"line":32,"column":4},"end":{"line":53,"column":7}},"12":{"start":{"line":33,"column":8},"end":{"line":33,"column":76}},"13":{"start":{"line":34,"column":8},"end":{"line":52,"column":9}},"14":{"start":{"line":35,"column":12},"end":{"line":39,"column":14}},"15":{"start":{"line":40,"column":15},"end":{"line":52,"column":9}},"16":{"start":{"line":41,"column":12},"end":{"line":45,"column":14}},"17":{"start":{"line":47,"column":12},"end":{"line":51,"column":14}}},"branchMap":{"1":{"line":20,"type":"if","locations":[{"start":{"line":20,"column":12},"end":{"line":20,"column":12}},{"start":{"line":20,"column":12},"end":{"line":20,"column":12}}]},"2":{"line":29,"type":"cond-expr","locations":[{"start":{"line":29,"column":34},"end":{"line":29,"column":38}},{"start":{"line":29,"column":41},"end":{"line":29,"column":53}}]},"3":{"line":34,"type":"if","locations":[{"start":{"line":34,"column":8},"end":{"line":34,"column":8}},{"start":{"line":34,"column":8},"end":{"line":34,"column":8}}]},"4":{"line":36,"type":"binary-expr","locations":[{"start":{"line":36,"column":16},"end":{"line":36,"column":41}},{"start":{"line":36,"column":45},"end":{"line":36,"column":65}}]},"5":{"line":40,"type":"if","locations":[{"start":{"line":40,"column":15},"end":{"line":40,"column":15}},{"start":{"line":40,"column":15},"end":{"line":40,"column":15}}]}}},"/home/lblasi/Documents/zuuka-framework/src/assertions/schema.js":{"path":"/home/lblasi/Documents/zuuka-framework/src/assertions/schema.js","s":{"1":1,"2":1,"3":1,"4":1,"5":44,"6":44,"7":44,"8":44,"9":37,"10":37,"11":7,"12":7,"13":7,"14":7,"15":0,"16":7,"17":7,"18":4,"19":7,"20":7},"b":{"1":[37,7],"2":[0,7],"3":[7,0],"4":[7,5]},"f":{"1":1,"2":44,"3":7,"4":4},"fnMap":{"1":{"name":"(anonymous_1)","line":28,"loc":{"start":{"line":28,"column":17},"end":{"line":28,"column":40}}},"2":{"name":"(anonymous_2)","line":32,"loc":{"start":{"line":32,"column":54},"end":{"line":32,"column":66}}},"3":{"name":"(anonymous_3)","line":45,"loc":{"start":{"line":45,"column":30},"end":{"line":45,"column":42}}},"4":{"name":"(anonymous_4)","line":51,"loc":{"start":{"line":51,"column":42},"end":{"line":51,"column":59}}}},"statementMap":{"1":{"start":{"line":1,"column":0},"end":{"line":2,"column":43}},"2":{"start":{"line":28,"column":0},"end":{"line":64,"column":2}},"3":{"start":{"line":30,"column":2},"end":{"line":30,"column":34}},"4":{"start":{"line":32,"column":2},"end":{"line":63,"column":5}},"5":{"start":{"line":34,"column":4},"end":{"line":34,"column":32}},"6":{"start":{"line":35,"column":4},"end":{"line":35,"column":49}},"7":{"start":{"line":36,"column":4},"end":{"line":36,"column":24}},"8":{"start":{"line":38,"column":4},"end":{"line":41,"column":5}},"9":{"start":{"line":39,"column":6},"end":{"line":39,"column":32}},"10":{"start":{"line":40,"column":6},"end":{"line":40,"column":51}},"11":{"start":{"line":43,"column":4},"end":{"line":43,"column":113}},"12":{"start":{"line":45,"column":4},"end":{"line":56,"column":6}},"13":{"start":{"line":46,"column":6},"end":{"line":46,"column":99}},"14":{"start":{"line":47,"column":6},"end":{"line":49,"column":7}},"15":{"start":{"line":48,"column":8},"end":{"line":48,"column":95}},"16":{"start":{"line":50,"column":6},"end":{"line":54,"column":7}},"17":{"start":{"line":51,"column":10},"end":{"line":53,"column":13}},"18":{"start":{"line":52,"column":12},"end":{"line":52,"column":157}},"19":{"start":{"line":55,"column":6},"end":{"line":55,"column":22}},"20":{"start":{"line":58,"column":4},"end":{"line":62,"column":6}}},"branchMap":{"1":{"line":38,"type":"if","locations":[{"start":{"line":38,"column":4},"end":{"line":38,"column":4}},{"start":{"line":38,"column":4},"end":{"line":38,"column":4}}]},"2":{"line":47,"type":"if","locations":[{"start":{"line":47,"column":6},"end":{"line":47,"column":6}},{"start":{"line":47,"column":6},"end":{"line":47,"column":6}}]},"3":{"line":50,"type":"if","locations":[{"start":{"line":50,"column":6},"end":{"line":50,"column":6}},{"start":{"line":50,"column":6},"end":{"line":50,"column":6}}]},"4":{"line":59,"type":"binary-expr","locations":[{"start":{"line":59,"column":6},"end":{"line":59,"column":28}},{"start":{"line":59,"column":32},"end":{"line":59,"column":69}}]}}},"/home/lblasi/Documents/zuuka-framework/src/utils/objectPath.js":{"path":"/home/lblasi/Documents/zuuka-framework/src/utils/objectPath.js","s":{"1":1,"2":61,"3":0,"4":0,"5":0},"b":{"1":[0,0]},"f":{"1":61},"fnMap":{"1":{"name":"(anonymous_1)","line":2,"loc":{"start":{"line":2,"column":10},"end":{"line":2,"column":42}}}},"statementMap":{"1":{"start":{"line":1,"column":0},"end":{"line":9,"column":2}},"2":{"start":{"line":3,"column":8},"end":{"line":3,"column":58}},"3":{"start":{"line":4,"column":8},"end":{"line":6,"column":9}},"4":{"start":{"line":5,"column":12},"end":{"line":5,"column":93}},"5":{"start":{"line":7,"column":8},"end":{"line":7,"column":25}}},"branchMap":{"1":{"line":4,"type":"if","locations":[{"start":{"line":4,"column":8},"end":{"line":4,"column":8}},{"start":{"line":4,"column":8},"end":{"line":4,"column":8}}]}}},"/home/lblasi/Documents/zuuka-framework/src/assertions/json.js":{"path":"/home/lblasi/Documents/zuuka-framework/src/assertions/json.js","s":{"1":1,"2":1,"3":1,"4":1,"5":32,"6":32,"7":32,"8":21,"9":11,"10":1,"11":10,"12":10,"13":10,"14":9,"15":1},"b":{"1":[21,11],"2":[1,10],"3":[9,1]},"f":{"1":1,"2":32},"fnMap":{"1":{"name":"(anonymous_1)","line":25,"loc":{"start":{"line":25,"column":17},"end":{"line":25,"column":40}}},"2":{"name":"(anonymous_2)","line":27,"loc":{"start":{"line":27,"column":54},"end":{"line":27,"column":66}}}},"statementMap":{"1":{"start":{"line":1,"column":0},"end":{"line":1,"column":45}},"2":{"start":{"line":25,"column":0},"end":{"line":49,"column":2}},"3":{"start":{"line":26,"column":4},"end":{"line":26,"column":26}},"4":{"start":{"line":27,"column":4},"end":{"line":48,"column":7}},"5":{"start":{"line":29,"column":8},"end":{"line":29,"column":36}},"6":{"start":{"line":30,"column":8},"end":{"line":30,"column":52}},"7":{"start":{"line":32,"column":8},"end":{"line":34,"column":9}},"8":{"start":{"line":33,"column":12},"end":{"line":33,"column":59}},"9":{"start":{"line":36,"column":8},"end":{"line":47,"column":9}},"10":{"start":{"line":37,"column":12},"end":{"line":37,"column":28}},"11":{"start":{"line":39,"column":12},"end":{"line":39,"column":52}},"12":{"start":{"line":40,"column":12},"end":{"line":40,"column":53}},"13":{"start":{"line":42,"column":12},"end":{"line":46,"column":13}},"14":{"start":{"line":43,"column":16},"end":{"line":43,"column":49}},"15":{"start":{"line":45,"column":16},"end":{"line":45,"column":46}}},"branchMap":{"1":{"line":32,"type":"if","locations":[{"start":{"line":32,"column":8},"end":{"line":32,"column":8}},{"start":{"line":32,"column":8},"end":{"line":32,"column":8}}]},"2":{"line":36,"type":"if","locations":[{"start":{"line":36,"column":8},"end":{"line":36,"column":8}},{"start":{"line":36,"column":8},"end":{"line":36,"column":8}}]},"3":{"line":42,"type":"if","locations":[{"start":{"line":42,"column":12},"end":{"line":42,"column":12}},{"start":{"line":42,"column":12},"end":{"line":42,"column":12}}]}}},"/home/lblasi/Documents/zuuka-framework/src/assertions/compression.js":{"path":"/home/lblasi/Documents/zuuka-framework/src/assertions/compression.js","s":{"1":1,"2":1,"3":10,"4":1,"5":5,"6":1,"7":5,"8":1,"9":1,"10":1},"b":{},"f":{"1":1,"2":10,"3":5,"4":5,"5":8},"fnMap":{"1":{"name":"(anonymous_1)","line":1,"loc":{"start":{"line":1,"column":17},"end":{"line":1,"column":40}}},"2":{"name":"(anonymous_2)","line":3,"loc":{"start":{"line":3,"column":29},"end":{"line":3,"column":59}}},"3":{"name":"(anonymous_3)","line":16,"loc":{"start":{"line":16,"column":24},"end":{"line":16,"column":36}}},"4":{"name":"(anonymous_4)","line":29,"loc":{"start":{"line":29,"column":27},"end":{"line":29,"column":39}}},"5":{"name":"(anonymous_5)","line":33,"loc":{"start":{"line":33,"column":59},"end":{"line":33,"column":71}}}},"statementMap":{"1":{"start":{"line":1,"column":0},"end":{"line":36,"column":2}},"2":{"start":{"line":3,"column":4},"end":{"line":5,"column":6}},"3":{"start":{"line":4,"column":8},"end":{"line":4,"column":69}},"4":{"start":{"line":16,"column":4},"end":{"line":18,"column":6}},"5":{"start":{"line":17,"column":8},"end":{"line":17,"column":46}},"6":{"start":{"line":29,"column":4},"end":{"line":31,"column":6}},"7":{"start":{"line":30,"column":8},"end":{"line":30,"column":49}},"8":{"start":{"line":33,"column":4},"end":{"line":33,"column":75}},"9":{"start":{"line":34,"column":4},"end":{"line":34,"column":71}},"10":{"start":{"line":35,"column":4},"end":{"line":35,"column":77}}},"branchMap":{}},"/home/lblasi/Documents/zuuka-framework/src/assertions/comprise.js":{"path":"/home/lblasi/Documents/zuuka-framework/src/assertions/comprise.js","s":{"1":1,"2":1,"3":15,"4":1,"5":1},"b":{},"f":{"1":1,"2":15},"fnMap":{"1":{"name":"(anonymous_1)","line":1,"loc":{"start":{"line":1,"column":17},"end":{"line":1,"column":40}}},"2":{"name":"(anonymous_2)","line":3,"loc":{"start":{"line":3,"column":26},"end":{"line":3,"column":38}}}},"statementMap":{"1":{"start":{"line":1,"column":0},"end":{"line":9,"column":2}},"2":{"start":{"line":3,"column":4},"end":{"line":5,"column":6}},"3":{"start":{"line":4,"column":8},"end":{"line":4,"column":41}},"4":{"start":{"line":7,"column":4},"end":{"line":7,"column":77}},"5":{"start":{"line":8,"column":4},"end":{"line":8,"column":78}}},"branchMap":{}},"/home/lblasi/Documents/zuuka-framework/src/assertions/responsetime.js":{"path":"/home/lblasi/Documents/zuuka-framework/src/assertions/responsetime.js","s":{"1":1,"2":1,"3":2,"4":2},"b":{},"f":{"1":1,"2":2},"fnMap":{"1":{"name":"(anonymous_1)","line":12,"loc":{"start":{"line":12,"column":17},"end":{"line":12,"column":40}}},"2":{"name":"(anonymous_2)","line":14,"loc":{"start":{"line":14,"column":62},"end":{"line":14,"column":86}}}},"statementMap":{"1":{"start":{"line":12,"column":0},"end":{"line":22,"column":2}},"2":{"start":{"line":14,"column":4},"end":{"line":21,"column":7}},"3":{"start":{"line":15,"column":8},"end":{"line":15,"column":50}},"4":{"start":{"line":16,"column":8},"end":{"line":20,"column":10}}},"branchMap":{}},"/home/lblasi/Documents/zuuka-framework/src/assertions/arrayLength.js":{"path":"/home/lblasi/Documents/zuuka-framework/src/assertions/arrayLength.js","s":{"1":1,"2":1,"3":1,"4":2,"5":2,"6":1,"7":1,"8":1,"9":1},"b":{"1":[1,1]},"f":{"1":1,"2":2},"fnMap":{"1":{"name":"(anonymous_1)","line":15,"loc":{"start":{"line":15,"column":17},"end":{"line":15,"column":40}}},"2":{"name":"(anonymous_2)","line":17,"loc":{"start":{"line":17,"column":61},"end":{"line":17,"column":73}}}},"statementMap":{"1":{"start":{"line":1,"column":0},"end":{"line":1,"column":45}},"2":{"start":{"line":15,"column":0},"end":{"line":26,"column":2}},"3":{"start":{"line":17,"column":4},"end":{"line":25,"column":7}},"4":{"start":{"line":18,"column":8},"end":{"line":18,"column":36}},"5":{"start":{"line":19,"column":8},"end":{"line":21,"column":9}},"6":{"start":{"line":20,"column":12},"end":{"line":20,"column":59}},"7":{"start":{"line":22,"column":8},"end":{"line":22,"column":48}},"8":{"start":{"line":23,"column":8},"end":{"line":23,"column":49}},"9":{"start":{"line":24,"column":8},"end":{"line":24,"column":63}}},"branchMap":{"1":{"line":19,"type":"if","locations":[{"start":{"line":19,"column":8},"end":{"line":19,"column":8}},{"start":{"line":19,"column":8},"end":{"line":19,"column":8}}]}}},"/home/lblasi/Documents/zuuka-framework/src/assertions/arrayIncluding.js":{"path":"/home/lblasi/Documents/zuuka-framework/src/assertions/arrayIncluding.js","s":{"1":1,"2":1,"3":1,"4":3,"5":3,"6":2,"7":1,"8":1,"9":1},"b":{"1":[2,1]},"f":{"1":1,"2":3},"fnMap":{"1":{"name":"(anonymous_1)","line":15,"loc":{"start":{"line":15,"column":17},"end":{"line":15,"column":40}}},"2":{"name":"(anonymous_2)","line":17,"loc":{"start":{"line":17,"column":64},"end":{"line":17,"column":76}}}},"statementMap":{"1":{"start":{"line":1,"column":0},"end":{"line":1,"column":45}},"2":{"start":{"line":15,"column":0},"end":{"line":26,"column":2}},"3":{"start":{"line":17,"column":4},"end":{"line":25,"column":7}},"4":{"start":{"line":18,"column":8},"end":{"line":18,"column":36}},"5":{"start":{"line":19,"column":8},"end":{"line":21,"column":9}},"6":{"start":{"line":20,"column":12},"end":{"line":20,"column":59}},"7":{"start":{"line":22,"column":8},"end":{"line":22,"column":48}},"8":{"start":{"line":23,"column":8},"end":{"line":23,"column":49}},"9":{"start":{"line":24,"column":8},"end":{"line":24,"column":57}}},"branchMap":{"1":{"line":19,"type":"if","locations":[{"start":{"line":19,"column":8},"end":{"line":19,"column":8}},{"start":{"line":19,"column":8},"end":{"line":19,"column":8}}]}}},"/home/lblasi/Documents/zuuka-framework/src/debug.js":{"path":"/home/lblasi/Documents/zuuka-framework/src/debug.js","s":{"1":1,"2":1,"3":1,"4":2,"5":1,"6":2,"7":1,"8":1,"9":2,"10":2},"b":{"1":[1,1]},"f":{"1":2,"2":2,"3":2},"fnMap":{"1":{"name":"(anonymous_1)","line":6,"loc":{"start":{"line":6,"column":20},"end":{"line":6,"column":32}}},"2":{"name":"(anonymous_2)","line":15,"loc":{"start":{"line":15,"column":20},"end":{"line":15,"column":32}}},"3":{"name":"(anonymous_3)","line":28,"loc":{"start":{"line":28,"column":21},"end":{"line":28,"column":40}}}},"statementMap":{"1":{"start":{"line":1,"column":0},"end":{"line":2,"column":37}},"2":{"start":{"line":4,"column":0},"end":{"line":4,"column":34}},"3":{"start":{"line":6,"column":0},"end":{"line":8,"column":2}},"4":{"start":{"line":7,"column":4},"end":{"line":7,"column":47}},"5":{"start":{"line":15,"column":0},"end":{"line":19,"column":2}},"6":{"start":{"line":16,"column":4},"end":{"line":18,"column":5}},"7":{"start":{"line":17,"column":8},"end":{"line":17,"column":32}},"8":{"start":{"line":28,"column":0},"end":{"line":31,"column":2}},"9":{"start":{"line":29,"column":4},"end":{"line":29,"column":24}},"10":{"start":{"line":30,"column":4},"end":{"line":30,"column":28}}},"branchMap":{"1":{"line":16,"type":"if","locations":[{"start":{"line":16,"column":4},"end":{"line":16,"column":4}},{"start":{"line":16,"column":4},"end":{"line":16,"column":4}}]}}}}