TN:
SF:/home/lblasi/Documents/zuuka-framework/src/zuuka.js
FN:38,(anonymous_1)
FN:76,(anonymous_2)
FN:77,(anonymous_3)
FN:97,(anonymous_4)
FN:146,(anonymous_5)
FN:152,(anonymous_6)
FN:161,(anonymous_7)
FNF:7
FNH:7
FNDA:274,(anonymous_1)
FNDA:53,(anonymous_2)
FNDA:34,(anonymous_3)
FNDA:40,(anonymous_4)
FNDA:25,(anonymous_5)
FNDA:110,(anonymous_6)
FNDA:110,(anonymous_7)
DA:8,2
DA:15,2
DA:16,2
DA:18,2
DA:38,2
DA:39,274
DA:40,1
DA:42,274
DA:43,183
DA:44,183
DA:45,183
DA:47,91
DA:59,2
DA:76,2
DA:77,53
DA:78,34
DA:79,34
DA:80,34
DA:97,2
DA:98,40
DA:107,2
DA:115,2
DA:123,2
DA:131,2
DA:144,2
DA:146,2
DA:147,25
DA:148,1
DA:152,2
DA:153,110
DA:154,144
DA:155,25
DA:156,25
DA:161,2
DA:162,110
DA:163,110
LF:36
LH:36
BRDA:39,1,0,1
BRDA:39,1,1,273
BRDA:42,2,0,183
BRDA:42,2,1,91
BRDA:42,3,0,274
BRDA:42,3,1,265
BRDA:42,3,2,260
BRDA:147,4,0,1
BRDA:147,4,1,24
BRDA:154,5,0,25
BRDA:154,5,1,119
BRDA:154,6,0,144
BRDA:154,6,1,63
BRF:13
BRH:13
end_of_record
TN:
SF:/home/lblasi/Documents/zuuka-framework/src/methods.js
FN:24,(anonymous_1)
FN:44,(anonymous_2)
FN:77,(anonymous_3)
FN:88,(anonymous_4)
FN:99,(anonymous_5)
FN:103,(anonymous_6)
FN:116,(anonymous_7)
FN:128,(anonymous_8)
FN:141,(anonymous_9)
FN:153,(anonymous_10)
FN:166,(anonymous_11)
FN:175,(anonymous_12)
FN:184,(anonymous_13)
FNF:13
FNH:13
FNDA:77,(anonymous_1)
FNDA:77,(anonymous_2)
FNDA:53,(anonymous_3)
FNDA:1,(anonymous_4)
FNDA:1,(anonymous_5)
FNDA:22,(anonymous_6)
FNDA:10,(anonymous_7)
FNDA:3,(anonymous_8)
FNDA:3,(anonymous_9)
FNDA:6,(anonymous_10)
FNDA:3,(anonymous_11)
FNDA:4,(anonymous_12)
FNDA:1,(anonymous_13)
DA:1,1
DA:5,1
DA:7,1
DA:8,1
DA:9,1
DA:24,1
DA:25,77
DA:33,77
DA:34,77
DA:35,2
DA:36,75
DA:38,66
DA:41,77
DA:42,77
DA:43,77
DA:44,77
DA:45,77
DA:46,77
DA:58,77
DA:67,77
DA:77,1
DA:78,53
DA:88,1
DA:89,1
DA:99,1
DA:100,1
DA:103,1
DA:104,22
DA:116,1
DA:117,10
DA:128,1
DA:129,3
DA:141,1
DA:142,3
DA:153,1
DA:154,6
DA:166,1
DA:167,3
DA:175,1
DA:176,4
DA:177,4
DA:184,1
DA:185,1
LF:43
LH:43
BRDA:29,1,0,77
BRDA:29,1,1,55
BRDA:33,2,0,77
BRDA:33,2,1,77
BRDA:34,3,0,2
BRDA:34,3,1,75
BRDA:36,4,0,66
BRDA:36,4,1,9
BRDA:42,5,0,77
BRDA:42,5,1,62
BRF:10
BRH:10
end_of_record
TN:
SF:/home/lblasi/Documents/zuuka-framework/src/plugins.js
FN:10,(anonymous_1)
FN:11,(anonymous_2)
FN:17,(anonymous_3)
FN:46,(anonymous_4)
FN:54,(anonymous_5)
FN:78,(anonymous_6)
FN:98,(anonymous_7)
FN:99,(anonymous_8)
FN:100,(anonymous_9)
FN:119,(anonymous_10)
FN:120,(anonymous_11)
FN:121,(anonymous_12)
FNF:12
FNH:12
FNDA:5,(anonymous_1)
FNDA:651,(anonymous_2)
FNDA:5,(anonymous_3)
FNDA:5,(anonymous_4)
FNDA:50,(anonymous_5)
FNDA:3,(anonymous_6)
FNDA:1,(anonymous_7)
FNDA:1,(anonymous_8)
FNDA:2,(anonymous_9)
FNDA:1,(anonymous_10)
FNDA:1,(anonymous_11)
FNDA:3,(anonymous_12)
DA:2,1
DA:7,1
DA:8,1
DA:10,1
DA:11,5
DA:12,651
DA:13,651
DA:17,1
DA:18,5
DA:20,4
DA:21,4
DA:23,5
DA:24,5
DA:25,5
DA:46,1
DA:47,5
DA:48,5
DA:49,2
DA:51,5
DA:52,9
DA:54,5
DA:55,50
DA:57,5
DA:58,5
DA:78,1
DA:79,3
DA:80,3
DA:98,1
DA:99,1
DA:100,1
DA:101,2
DA:119,1
DA:120,1
DA:121,1
DA:122,3
DA:123,3
DA:124,3
LF:37
LH:37
BRDA:18,1,0,4
BRDA:18,1,1,1
BRF:2
BRH:2
end_of_record
TN:
SF:/home/lblasi/Documents/zuuka-framework/src/assertions/index.js
FNF:0
FNH:0
DA:7,1
LF:1
LH:1
BRF:0
BRH:0
end_of_record
TN:
SF:/home/lblasi/Documents/zuuka-framework/src/assertions/statuscode.js
FN:12,(anonymous_1)
FN:14,(anonymous_2)
FNF:2
FNH:2
FNDA:1,(anonymous_1)
FNDA:27,(anonymous_2)
DA:12,1
DA:14,1
DA:15,27
DA:16,27
LF:4
LH:4
BRF:0
BRH:0
end_of_record
TN:
SF:/home/lblasi/Documents/zuuka-framework/src/assertions/header.js
FN:19,(anonymous_1)
FN:21,(anonymous_2)
FNF:2
FNH:2
FNDA:1,(anonymous_1)
FNDA:42,(anonymous_2)
DA:19,1
DA:21,1
DA:23,42
DA:25,42
DA:26,10
DA:31,32
DA:32,10
DA:37,22
DA:38,3
DA:40,19
LF:10
LH:10
BRDA:25,1,0,10
BRDA:25,1,1,32
BRDA:27,2,0,10
BRDA:27,2,1,9
BRDA:31,3,0,10
BRDA:31,3,1,22
BRDA:37,4,0,3
BRDA:37,4,1,19
BRF:8
BRH:8
end_of_record
TN:
SF:/home/lblasi/Documents/zuuka-framework/src/assertions/cookie.js
FN:15,(anonymous_1)
FN:17,(anonymous_2)
FN:27,(anonymous_3)
FN:32,(anonymous_4)
FNF:4
FNH:4
FNDA:1,(anonymous_1)
FNDA:28,(anonymous_2)
FNDA:28,(anonymous_3)
FNDA:28,(anonymous_4)
DA:15,1
DA:17,1
DA:18,28
DA:19,28
DA:20,30
DA:21,24
DA:24,4
DA:27,1
DA:28,28
DA:29,28
DA:32,1
DA:33,28
DA:34,28
DA:35,3
DA:40,25
DA:41,10
DA:47,15
LF:17
LH:17
BRDA:20,1,0,24
BRDA:20,1,1,6
BRDA:29,2,0,4
BRDA:29,2,1,24
BRDA:34,3,0,3
BRDA:34,3,1,25
BRDA:36,4,0,3
BRDA:36,4,1,3
BRDA:40,5,0,10
BRDA:40,5,1,15
BRF:10
BRH:10
end_of_record
TN:
SF:/home/lblasi/Documents/zuuka-framework/src/assertions/schema.js
FN:28,(anonymous_1)
FN:32,(anonymous_2)
FN:45,(anonymous_3)
FN:51,(anonymous_4)
FNF:4
FNH:4
FNDA:1,(anonymous_1)
FNDA:44,(anonymous_2)
FNDA:7,(anonymous_3)
FNDA:4,(anonymous_4)
DA:1,1
DA:28,1
DA:30,1
DA:32,1
DA:34,44
DA:35,44
DA:36,44
DA:38,44
DA:39,37
DA:40,37
DA:43,7
DA:45,7
DA:46,7
DA:47,7
DA:48,0
DA:50,7
DA:51,7
DA:52,4
DA:55,7
DA:58,7
LF:20
LH:19
BRDA:38,1,0,37
BRDA:38,1,1,7
BRDA:47,2,0,0
BRDA:47,2,1,7
BRDA:50,3,0,7
BRDA:50,3,1,0
BRDA:59,4,0,7
BRDA:59,4,1,5
BRF:8
BRH:6
end_of_record
TN:
SF:/home/lblasi/Documents/zuuka-framework/src/utils/objectPath.js
FN:2,(anonymous_1)
FNF:1
FNH:1
FNDA:61,(anonymous_1)
DA:1,1
DA:3,61
DA:4,0
DA:5,0
DA:7,0
LF:5
LH:2
BRDA:4,1,0,0
BRDA:4,1,1,0
BRF:2
BRH:0
end_of_record
TN:
SF:/home/lblasi/Documents/zuuka-framework/src/assertions/json.js
FN:25,(anonymous_1)
FN:27,(anonymous_2)
FNF:2
FNH:2
FNDA:1,(anonymous_1)
FNDA:32,(anonymous_2)
DA:1,1
DA:25,1
DA:26,1
DA:27,1
DA:29,32
DA:30,32
DA:32,32
DA:33,21
DA:36,11
DA:37,1
DA:39,10
DA:40,10
DA:42,10
DA:43,9
DA:45,1
LF:15
LH:15
BRDA:32,1,0,21
BRDA:32,1,1,11
BRDA:36,2,0,1
BRDA:36,2,1,10
BRDA:42,3,0,9
BRDA:42,3,1,1
BRF:6
BRH:6
end_of_record
TN:
SF:/home/lblasi/Documents/zuuka-framework/src/assertions/compression.js
FN:1,(anonymous_1)
FN:3,(anonymous_2)
FN:16,(anonymous_3)
FN:29,(anonymous_4)
FN:33,(anonymous_5)
FNF:5
FNH:5
FNDA:1,(anonymous_1)
FNDA:10,(anonymous_2)
FNDA:5,(anonymous_3)
FNDA:5,(anonymous_4)
FNDA:8,(anonymous_5)
DA:1,1
DA:3,1
DA:4,10
DA:16,1
DA:17,5
DA:29,1
DA:30,5
DA:33,1
DA:34,1
DA:35,1
LF:10
LH:10
BRF:0
BRH:0
end_of_record
TN:
SF:/home/lblasi/Documents/zuuka-framework/src/assertions/comprise.js
FN:1,(anonymous_1)
FN:3,(anonymous_2)
FNF:2
FNH:2
FNDA:1,(anonymous_1)
FNDA:15,(anonymous_2)
DA:1,1
DA:3,1
DA:4,15
DA:7,1
DA:8,1
LF:5
LH:5
BRF:0
BRH:0
end_of_record
TN:
SF:/home/lblasi/Documents/zuuka-framework/src/assertions/responsetime.js
FN:12,(anonymous_1)
FN:14,(anonymous_2)
FNF:2
FNH:2
FNDA:1,(anonymous_1)
FNDA:2,(anonymous_2)
DA:12,1
DA:14,1
DA:15,2
DA:16,2
LF:4
LH:4
BRF:0
BRH:0
end_of_record
TN:
SF:/home/lblasi/Documents/zuuka-framework/src/assertions/arrayLength.js
FN:15,(anonymous_1)
FN:17,(anonymous_2)
FNF:2
FNH:2
FNDA:1,(anonymous_1)
FNDA:2,(anonymous_2)
DA:1,1
DA:15,1
DA:17,1
DA:18,2
DA:19,2
DA:20,1
DA:22,1
DA:23,1
DA:24,1
LF:9
LH:9
BRDA:19,1,0,1
BRDA:19,1,1,1
BRF:2
BRH:2
end_of_record
TN:
SF:/home/lblasi/Documents/zuuka-framework/src/assertions/arrayIncluding.js
FN:15,(anonymous_1)
FN:17,(anonymous_2)
FNF:2
FNH:2
FNDA:1,(anonymous_1)
FNDA:3,(anonymous_2)
DA:1,1
DA:15,1
DA:17,1
DA:18,3
DA:19,3
DA:20,2
DA:22,1
DA:23,1
DA:24,1
LF:9
LH:9
BRDA:19,1,0,2
BRDA:19,1,1,1
BRF:2
BRH:2
end_of_record
TN:
SF:/home/lblasi/Documents/zuuka-framework/src/debug.js
FN:6,(anonymous_1)
FN:15,(anonymous_2)
FN:28,(anonymous_3)
FNF:3
FNH:3
FNDA:2,(anonymous_1)
FNDA:2,(anonymous_2)
FNDA:2,(anonymous_3)
DA:1,1
DA:4,1
DA:6,1
DA:7,2
DA:15,1
DA:16,2
DA:17,1
DA:28,1
DA:29,2
DA:30,2
LF:10
LH:10
BRDA:16,1,0,1
BRDA:16,1,1,1
BRF:2
BRH:2
end_of_record
